{"timestamp":"2026-03-13T14:02:19.291680Z","level":"info","event":"DAG bundles loaded: dags-folder, example_dags","logger":"airflow.dag_processing.bundles.manager.DagBundlesManager","filename":"manager.py","lineno":179}
{"timestamp":"2026-03-13T14:02:19.292524Z","level":"info","event":"Filling up the DagBag from /opt/airflow/dags/weather_dag.py","logger":"airflow.models.dagbag.BundleDagBag","filename":"dagbag.py","lineno":593}
{"timestamp":"2026-03-13T14:02:19.331438Z","level":"info","event":" conectado em postgres:5432/weather_data_pipeline","logger":"root","filename":"load_data.py","lineno":22}
{"timestamp":"2026-03-13T14:02:19.341826Z","level":"warning","event":"The `airflow.decorators.dag` attribute is deprecated. Please use `'airflow.sdk.dag'`.","category":"DeprecatedImportWarning","filename":"/opt/airflow/dags/weather_dag.py","lineno":2,"logger":"py.warnings"}
{"timestamp":"2026-03-13T14:02:19.342052Z","level":"warning","event":"The `airflow.decorators.task` attribute is deprecated. Please use `'airflow.sdk.task'`.","category":"DeprecatedImportWarning","filename":"/opt/airflow/dags/weather_dag.py","lineno":2,"logger":"py.warnings"}
{"timestamp":"2026-03-13T14:02:19.402693Z","level":"info","event":"Task instance is in running state","logger":"task.stdout"}
{"timestamp":"2026-03-13T14:02:19.402930Z","level":"info","event":" Previous state of the Task instance: TaskInstanceState.QUEUED","logger":"task.stdout"}
{"timestamp":"2026-03-13T14:02:19.403087Z","level":"info","event":"Current task name:extract","logger":"task.stdout"}
{"timestamp":"2026-03-13T14:02:19.403160Z","level":"info","event":"Dag name:weather_pipeline","logger":"task.stdout"}
{"timestamp":"2026-03-13T14:02:19.858269Z","level":"info","event":"Arquivo salvo em data/weather_data.json","logger":"root","filename":"extract_data.py","lineno":26}
{"timestamp":"2026-03-13T14:02:19.860985Z","level":"info","event":"Done. Returned value was: None","logger":"airflow.task.operators.airflow.providers.standard.decorators.python._PythonDecoratedOperator","filename":"python.py","lineno":230}
{"timestamp":"2026-03-13T14:02:19.881903Z","level":"info","event":"Task instance in success state","logger":"task.stdout"}
{"timestamp":"2026-03-13T14:02:19.882194Z","level":"info","event":" Previous state of the Task instance: TaskInstanceState.RUNNING","logger":"task.stdout"}
{"timestamp":"2026-03-13T14:02:19.883625Z","level":"info","event":"Task operator:<Task(_PythonDecoratedOperator): extract>","logger":"task.stdout"}
{"timestamp":"2026-03-13T14:26:59.901801Z","level":"info","event":"DAG bundles loaded: dags-folder, example_dags","logger":"airflow.dag_processing.bundles.manager.DagBundlesManager","filename":"manager.py","lineno":179}
{"timestamp":"2026-03-13T14:26:59.902717Z","level":"info","event":"Filling up the DagBag from /opt/airflow/dags/weather_dag.py","logger":"airflow.models.dagbag.BundleDagBag","filename":"dagbag.py","lineno":593}
{"timestamp":"2026-03-13T14:26:59.940276Z","level":"info","event":" conectado em postgres:5432/weather_data_pipeline","logger":"root","filename":"load_data.py","lineno":22}
{"timestamp":"2026-03-13T14:26:59.951355Z","level":"warning","event":"The `airflow.decorators.dag` attribute is deprecated. Please use `'airflow.sdk.dag'`.","category":"DeprecatedImportWarning","filename":"/opt/airflow/dags/weather_dag.py","lineno":2,"logger":"py.warnings"}
{"timestamp":"2026-03-13T14:26:59.951547Z","level":"warning","event":"The `airflow.decorators.task` attribute is deprecated. Please use `'airflow.sdk.task'`.","category":"DeprecatedImportWarning","filename":"/opt/airflow/dags/weather_dag.py","lineno":2,"logger":"py.warnings"}
{"timestamp":"2026-03-13T14:27:04.211431Z","level":"info","event":"Task instance is in running state","logger":"task.stdout"}
{"timestamp":"2026-03-13T14:27:04.211879Z","level":"info","event":" Previous state of the Task instance: TaskInstanceState.QUEUED","logger":"task.stdout"}
{"timestamp":"2026-03-13T14:27:04.212044Z","level":"info","event":"Current task name:extract","logger":"task.stdout"}
{"timestamp":"2026-03-13T14:27:04.212139Z","level":"info","event":"Dag name:weather_pipeline","logger":"task.stdout"}
{"timestamp":"2026-03-13T14:27:04.664532Z","level":"info","event":"Arquivo salvo em data/weather_data.json","logger":"root","filename":"extract_data.py","lineno":26}
{"timestamp":"2026-03-13T14:27:04.668929Z","level":"info","event":"Done. Returned value was: None","logger":"airflow.task.operators.airflow.providers.standard.decorators.python._PythonDecoratedOperator","filename":"python.py","lineno":230}
{"timestamp":"2026-03-13T14:27:04.697927Z","level":"info","event":"Task instance in success state","logger":"task.stdout"}
{"timestamp":"2026-03-13T14:27:04.698099Z","level":"info","event":" Previous state of the Task instance: TaskInstanceState.RUNNING","logger":"task.stdout"}
{"timestamp":"2026-03-13T14:27:04.698840Z","level":"info","event":"Task operator:<Task(_PythonDecoratedOperator): extract>","logger":"task.stdout"}
{"timestamp":"2026-03-13T14:44:17.076385Z","level":"info","event":"DAG bundles loaded: dags-folder, example_dags","logger":"airflow.dag_processing.bundles.manager.DagBundlesManager","filename":"manager.py","lineno":179}
{"timestamp":"2026-03-13T14:44:17.077366Z","level":"info","event":"Filling up the DagBag from /opt/airflow/dags/weather_dag.py","logger":"airflow.models.dagbag.BundleDagBag","filename":"dagbag.py","lineno":593}
{"timestamp":"2026-03-13T14:44:17.132798Z","level":"info","event":" conectado em postgres:5432/weather_data_pipeline","logger":"root","filename":"load_data.py","lineno":22}
{"timestamp":"2026-03-13T14:44:17.150037Z","level":"warning","event":"The `airflow.decorators.dag` attribute is deprecated. Please use `'airflow.sdk.dag'`.","category":"DeprecatedImportWarning","filename":"/opt/airflow/dags/weather_dag.py","lineno":2,"logger":"py.warnings"}
{"timestamp":"2026-03-13T14:44:17.150228Z","level":"warning","event":"The `airflow.decorators.task` attribute is deprecated. Please use `'airflow.sdk.task'`.","category":"DeprecatedImportWarning","filename":"/opt/airflow/dags/weather_dag.py","lineno":2,"logger":"py.warnings"}
{"timestamp":"2026-03-13T14:44:17.204625Z","level":"info","event":"Task instance is in running state","logger":"task.stdout"}
{"timestamp":"2026-03-13T14:44:17.204851Z","level":"info","event":" Previous state of the Task instance: TaskInstanceState.QUEUED","logger":"task.stdout"}
{"timestamp":"2026-03-13T14:44:17.205100Z","level":"info","event":"Current task name:extract","logger":"task.stdout"}
{"timestamp":"2026-03-13T14:44:17.205225Z","level":"info","event":"Dag name:weather_pipeline","logger":"task.stdout"}
{"timestamp":"2026-03-13T14:44:17.669815Z","level":"info","event":"Arquivo salvo em data/weather_data.json","logger":"root","filename":"extract_data.py","lineno":26}
{"timestamp":"2026-03-13T14:44:17.672377Z","level":"info","event":"Done. Returned value was: None","logger":"airflow.task.operators.airflow.providers.standard.decorators.python._PythonDecoratedOperator","filename":"python.py","lineno":230}
{"timestamp":"2026-03-13T14:44:17.706202Z","level":"info","event":"Task instance in success state","logger":"task.stdout"}
{"timestamp":"2026-03-13T14:44:17.706345Z","level":"info","event":" Previous state of the Task instance: TaskInstanceState.RUNNING","logger":"task.stdout"}
{"timestamp":"2026-03-13T14:44:17.707169Z","level":"info","event":"Task operator:<Task(_PythonDecoratedOperator): extract>","logger":"task.stdout"}
{"timestamp":"2026-03-13T14:57:45.953266Z","level":"info","event":"DAG bundles loaded: dags-folder, example_dags","logger":"airflow.dag_processing.bundles.manager.DagBundlesManager","filename":"manager.py","lineno":179}
{"timestamp":"2026-03-13T14:57:45.954084Z","level":"info","event":"Filling up the DagBag from /opt/airflow/dags/weather_dag.py","logger":"airflow.models.dagbag.BundleDagBag","filename":"dagbag.py","lineno":593}
{"timestamp":"2026-03-13T14:57:45.993677Z","level":"info","event":" conectado em postgres:5432/weather_data_pipeline","logger":"root","filename":"load_data.py","lineno":22}
{"timestamp":"2026-03-13T14:57:46.005478Z","level":"warning","event":"The `airflow.decorators.dag` attribute is deprecated. Please use `'airflow.sdk.dag'`.","category":"DeprecatedImportWarning","filename":"/opt/airflow/dags/weather_dag.py","lineno":2,"logger":"py.warnings"}
{"timestamp":"2026-03-13T14:57:46.005631Z","level":"warning","event":"The `airflow.decorators.task` attribute is deprecated. Please use `'airflow.sdk.task'`.","category":"DeprecatedImportWarning","filename":"/opt/airflow/dags/weather_dag.py","lineno":2,"logger":"py.warnings"}
{"timestamp":"2026-03-13T14:57:46.062311Z","level":"info","event":"Task instance is in running state","logger":"task.stdout"}
{"timestamp":"2026-03-13T14:57:46.062463Z","level":"info","event":" Previous state of the Task instance: TaskInstanceState.QUEUED","logger":"task.stdout"}
{"timestamp":"2026-03-13T14:57:46.062652Z","level":"info","event":"Current task name:extract","logger":"task.stdout"}
{"timestamp":"2026-03-13T14:57:46.062703Z","level":"info","event":"Dag name:weather_pipeline","logger":"task.stdout"}
{"timestamp":"2026-03-13T14:57:46.525833Z","level":"info","event":"Arquivo salvo em data/weather_data.json","logger":"root","filename":"extract_data.py","lineno":26}
{"timestamp":"2026-03-13T14:57:46.528045Z","level":"info","event":"Done. Returned value was: None","logger":"airflow.task.operators.airflow.providers.standard.decorators.python._PythonDecoratedOperator","filename":"python.py","lineno":230}
{"timestamp":"2026-03-13T14:57:46.557111Z","level":"info","event":"Task instance in success state","logger":"task.stdout"}
{"timestamp":"2026-03-13T14:57:46.557252Z","level":"info","event":" Previous state of the Task instance: TaskInstanceState.RUNNING","logger":"task.stdout"}
{"timestamp":"2026-03-13T14:57:46.558118Z","level":"info","event":"Task operator:<Task(_PythonDecoratedOperator): extract>","logger":"task.stdout"}
